{
  "stats": {
    "suites": 2,
    "tests": 2,
    "passes": 2,
    "pending": 0,
    "failures": 0,
    "start": "2023-10-18T07:07:53.842Z",
    "end": "2023-10-18T07:07:55.077Z",
    "duration": 1235,
    "testsRegistered": 2,
    "passPercent": 100,
    "pendingPercent": 0,
    "other": 0,
    "hasOther": false,
    "skipped": 0,
    "hasSkipped": false
  },
  "results": [
    {
      "uuid": "f33d8bd4-37f0-430f-92a6-2d2a6569acbf",
      "title": "",
      "fullFile": "",
      "file": "",
      "beforeHooks": [],
      "afterHooks": [],
      "tests": [],
      "suites": [
        {
          "uuid": "37e174df-e05f-4762-935c-f1f61bb94c81",
          "title": "Get Todos List",
          "fullFile": "/Users/annisa/Documents/GitHub/flip-test/api_test/tests/api/get_todos_list_test.js",
          "file": "/tests/api/get_todos_list_test.js",
          "beforeHooks": [],
          "afterHooks": [],
          "tests": [
            {
              "title": "Success get Todos List",
              "fullTitle": "Get Todos List Success get Todos List",
              "timedOut": false,
              "duration": 542,
              "state": "passed",
              "speed": "slow",
              "pass": true,
              "fail": false,
              "pending": false,
              "context": null,
              "code": "const getTodos = await endpoint.getTodos();\nexpect(getTodos.status).to.equal(responseCode.successOk);\nexpect(getTodos.body).to.be.jsonSchema(schema.getTodosSchema);\nexpect(getTodos.body.length).to.be.equal(testdata.successGetListTodosLimit)",
              "err": {},
              "uuid": "341a0b42-5356-481e-99dc-a8af384a6270",
              "parentUUID": "37e174df-e05f-4762-935c-f1f61bb94c81",
              "isHook": false,
              "skipped": false
            }
          ],
          "suites": [],
          "passes": [
            "341a0b42-5356-481e-99dc-a8af384a6270"
          ],
          "failures": [],
          "pending": [],
          "skipped": [],
          "duration": 542,
          "root": false,
          "rootEmpty": false,
          "_timeout": 30000
        },
        {
          "uuid": "79021b1e-50c7-41b5-aeb3-0cfff79af8b8",
          "title": "Get Users List",
          "fullFile": "/Users/annisa/Documents/GitHub/flip-test/api_test/tests/api/get_users_list_test.js",
          "file": "/tests/api/get_users_list_test.js",
          "beforeHooks": [],
          "afterHooks": [],
          "tests": [
            {
              "title": "Success get users list by status inactive",
              "fullTitle": "Get Users List Success get users list by status inactive",
              "timedOut": false,
              "duration": 688,
              "state": "passed",
              "speed": "slow",
              "pass": true,
              "fail": false,
              "pending": false,
              "context": null,
              "code": "const getUsersList = await endpoint.getUsers(testdata.successGetUsersInactive);\nexpect(getUsersList.status).to.equal(responseCode.successOk);\nexpect(getUsersList.body).to.be.jsonSchema(schema.getUsersSchema);\ngetUsersList.body.map(body => expect(body.status).to.contain(testdata.successGetUsersInactive.status));",
              "err": {},
              "uuid": "a01416d4-2bda-4603-ba26-7902d906b5af",
              "parentUUID": "79021b1e-50c7-41b5-aeb3-0cfff79af8b8",
              "isHook": false,
              "skipped": false
            }
          ],
          "suites": [],
          "passes": [
            "a01416d4-2bda-4603-ba26-7902d906b5af"
          ],
          "failures": [],
          "pending": [],
          "skipped": [],
          "duration": 688,
          "root": false,
          "rootEmpty": false,
          "_timeout": 30000
        }
      ],
      "passes": [],
      "failures": [],
      "pending": [],
      "skipped": [],
      "duration": 0,
      "root": true,
      "rootEmpty": true,
      "_timeout": 30000
    }
  ],
  "meta": {
    "mocha": {
      "version": "10.2.0"
    },
    "mochawesome": {
      "options": {
        "quiet": false,
        "reportFilename": "mochawesome",
        "saveHtml": true,
        "saveJson": true,
        "consoleReporter": "spec",
        "useInlineDiffs": false,
        "code": true
      },
      "version": "7.1.3"
    },
    "marge": {
      "options": {
        "reportDir": "reports/mochawesome/"
      },
      "version": "6.2.0"
    }
  }
}